This is pdfTeX, Version 3.14159265-2.6-1.40.16 (TeX Live 2015) (preloaded format=pdflatex 2015.10.11)  16 MAR 2018 08:08
entering extended mode
 restricted \write18 enabled.
 %&-line parsing enabled.
**report.tex
(./report.tex
LaTeX2e <2015/01/01>
Babel <3.9l> and hyphenation patterns for 79 languages loaded.
(/usr/local/texlive/2015/texmf-dist/tex/latex/base/book.cls
Document Class: book 2014/09/29 v1.4h Standard LaTeX document class
(/usr/local/texlive/2015/texmf-dist/tex/latex/base/bk12.clo
File: bk12.clo 2014/09/29 v1.4h Standard LaTeX file (size option)
)
\c@part=\count79
\c@chapter=\count80
\c@section=\count81
\c@subsection=\count82
\c@subsubsection=\count83
\c@paragraph=\count84
\c@subparagraph=\count85
\c@figure=\count86
\c@table=\count87
\abovecaptionskip=\skip41
\belowcaptionskip=\skip42
\bibindent=\dimen102
)
(./head/settings.tex
(/usr/local/texlive/2015/texmf-dist/tex/latex/geometry/geometry.sty
Package: geometry 2010/09/12 v5.6 Page Geometry

(/usr/local/texlive/2015/texmf-dist/tex/latex/graphics/keyval.sty
Package: keyval 2014/10/28 v1.15 key=value parser (DPC)
\KV@toks@=\toks14
)
(/usr/local/texlive/2015/texmf-dist/tex/generic/oberdiek/ifpdf.sty
Package: ifpdf 2011/01/30 v2.3 Provides the ifpdf switch (HO)
Package ifpdf Info: pdfTeX in PDF mode is detected.
)
(/usr/local/texlive/2015/texmf-dist/tex/generic/oberdiek/ifvtex.sty
Package: ifvtex 2010/03/01 v1.5 Detect VTeX and its facilities (HO)
Package ifvtex Info: VTeX not detected.
)
(/usr/local/texlive/2015/texmf-dist/tex/generic/ifxetex/ifxetex.sty
Package: ifxetex 2010/09/12 v0.6 Provides ifxetex conditional
)
\Gm@cnth=\count88
\Gm@cntv=\count89
\c@Gm@tempcnt=\count90
\Gm@bindingoffset=\dimen103
\Gm@wd@mp=\dimen104
\Gm@odd@mp=\dimen105
\Gm@even@mp=\dimen106
\Gm@layoutwidth=\dimen107
\Gm@layoutheight=\dimen108
\Gm@layouthoffset=\dimen109
\Gm@layoutvoffset=\dimen110
\Gm@dimlist=\toks15
)
(/usr/local/texlive/2015/texmf-dist/tex/latex/hyperref/hyperref.sty
Package: hyperref 2012/11/06 v6.83m Hypertext links for LaTeX

(/usr/local/texlive/2015/texmf-dist/tex/generic/oberdiek/hobsub-hyperref.sty
Package: hobsub-hyperref 2012/05/28 v1.13 Bundle oberdiek, subset hyperref (HO)


(/usr/local/texlive/2015/texmf-dist/tex/generic/oberdiek/hobsub-generic.sty
Package: hobsub-generic 2012/05/28 v1.13 Bundle oberdiek, subset generic (HO)
Package: hobsub 2012/05/28 v1.13 Construct package bundles (HO)
Package: infwarerr 2010/04/08 v1.3 Providing info/warning/error messages (HO)
Package: ltxcmds 2011/11/09 v1.22 LaTeX kernel commands for general use (HO)
Package: ifluatex 2010/03/01 v1.3 Provides the ifluatex switch (HO)
Package ifluatex Info: LuaTeX not detected.
Package hobsub Info: Skipping package `ifvtex' (already loaded).
Package: intcalc 2007/09/27 v1.1 Expandable calculations with integers (HO)
Package hobsub Info: Skipping package `ifpdf' (already loaded).
Package: etexcmds 2011/02/16 v1.5 Avoid name clashes with e-TeX commands (HO)
Package etexcmds Info: Could not find \expanded.
(etexcmds)             That can mean that you are not using pdfTeX 1.50 or
(etexcmds)             that some package has redefined \expanded.
(etexcmds)             In the latter case, load this package earlier.
Package: kvsetkeys 2012/04/25 v1.16 Key value parser (HO)
Package: kvdefinekeys 2011/04/07 v1.3 Define keys (HO)
Package: pdftexcmds 2011/11/29 v0.20 Utility functions of pdfTeX for LuaTeX (HO
)
Package pdftexcmds Info: LuaTeX not detected.
Package pdftexcmds Info: \pdf@primitive is available.
Package pdftexcmds Info: \pdf@ifprimitive is available.
Package pdftexcmds Info: \pdfdraftmode found.
Package: pdfescape 2011/11/25 v1.13 Implements pdfTeX's escape features (HO)
Package: bigintcalc 2012/04/08 v1.3 Expandable calculations on big integers (HO
)
Package: bitset 2011/01/30 v1.1 Handle bit-vector datatype (HO)
Package: uniquecounter 2011/01/30 v1.2 Provide unlimited unique counter (HO)
)
Package hobsub Info: Skipping package `hobsub' (already loaded).
Package: letltxmacro 2010/09/02 v1.4 Let assignment for LaTeX macros (HO)
Package: hopatch 2012/05/28 v1.2 Wrapper for package hooks (HO)
Package: xcolor-patch 2011/01/30 xcolor patch
Package: atveryend 2011/06/30 v1.8 Hooks at the very end of document (HO)
Package atveryend Info: \enddocument detected (standard20110627).
Package: atbegshi 2011/10/05 v1.16 At begin shipout hook (HO)
Package: refcount 2011/10/16 v3.4 Data extraction from label references (HO)
Package: hycolor 2011/01/30 v1.7 Color options for hyperref/bookmark (HO)
)
(/usr/local/texlive/2015/texmf-dist/tex/latex/oberdiek/auxhook.sty
Package: auxhook 2011/03/04 v1.3 Hooks for auxiliary files (HO)
)
(/usr/local/texlive/2015/texmf-dist/tex/latex/oberdiek/kvoptions.sty
Package: kvoptions 2011/06/30 v3.11 Key value format for package options (HO)
)
\@linkdim=\dimen111
\Hy@linkcounter=\count91
\Hy@pagecounter=\count92

(/usr/local/texlive/2015/texmf-dist/tex/latex/hyperref/pd1enc.def
File: pd1enc.def 2012/11/06 v6.83m Hyperref: PDFDocEncoding definition (HO)
)
\Hy@SavedSpaceFactor=\count93

(/usr/local/texlive/2015/texmf-dist/tex/latex/latexconfig/hyperref.cfg
File: hyperref.cfg 2002/06/06 v1.2 hyperref configuration of TeXLive
)
Package hyperref Info: Hyper figures OFF on input line 4443.
Package hyperref Info: Link nesting OFF on input line 4448.
Package hyperref Info: Hyper index ON on input line 4451.
Package hyperref Info: Plain pages OFF on input line 4458.
Package hyperref Info: Backreferencing OFF on input line 4463.
Package hyperref Info: Implicit mode ON; LaTeX internals redefined.
Package hyperref Info: Bookmarks ON on input line 4688.
\c@Hy@tempcnt=\count94

(/usr/local/texlive/2015/texmf-dist/tex/latex/url/url.sty
\Urlmuskip=\muskip10
Package: url 2013/09/16  ver 3.4  Verb mode for urls, etc.
)
LaTeX Info: Redefining \url on input line 5041.
\XeTeXLinkMargin=\dimen112
\Fld@menulength=\count95
\Field@Width=\dimen113
\Fld@charsize=\dimen114
Package hyperref Info: Hyper figures OFF on input line 6295.
Package hyperref Info: Link nesting OFF on input line 6300.
Package hyperref Info: Hyper index ON on input line 6303.
Package hyperref Info: backreferencing OFF on input line 6310.
Package hyperref Info: Link coloring OFF on input line 6315.
Package hyperref Info: Link coloring with OCG OFF on input line 6320.
Package hyperref Info: PDF/A mode OFF on input line 6325.
LaTeX Info: Redefining \ref on input line 6365.
LaTeX Info: Redefining \pageref on input line 6369.
\Hy@abspage=\count96
\c@Item=\count97
\c@Hfootnote=\count98
)

Package hyperref Message: Driver (autodetected): hpdftex.

(/usr/local/texlive/2015/texmf-dist/tex/latex/hyperref/hpdftex.def
File: hpdftex.def 2012/11/06 v6.83m Hyperref driver for pdfTeX
\Fld@listcount=\count99
\c@bookmark@seq@number=\count100

(/usr/local/texlive/2015/texmf-dist/tex/latex/oberdiek/rerunfilecheck.sty
Package: rerunfilecheck 2011/04/15 v1.7 Rerun checks for auxiliary files (HO)
Package uniquecounter Info: New unique counter `rerunfilecheck' on input line 2
82.
)
\Hy@SectionHShift=\skip43
)
(/usr/local/texlive/2015/texmf-dist/tex/latex/enumitem/enumitem.sty
Package: enumitem 2011/09/28 v3.5.2 Customized lists
\labelindent=\skip44
\enit@outerparindent=\dimen115
\enit@toks=\toks16
\enit@inbox=\box26
\enitdp@description=\count101
)
(/usr/local/texlive/2015/texmf-dist/tex/latex/adjustbox/adjustbox.sty
Package: adjustbox 2012/05/21 v1.0 Adjusting TeX boxes (trim, clip, ...)

(/usr/local/texlive/2015/texmf-dist/tex/latex/xkeyval/xkeyval.sty
Package: xkeyval 2014/12/03 v2.7a package option processing (HA)

(/usr/local/texlive/2015/texmf-dist/tex/generic/xkeyval/xkeyval.tex
(/usr/local/texlive/2015/texmf-dist/tex/generic/xkeyval/xkvutils.tex
\XKV@toks=\toks17
\XKV@tempa@toks=\toks18
)
\XKV@depth=\count102
File: xkeyval.tex 2014/12/03 v2.7a key=value parser (HA)
))
(/usr/local/texlive/2015/texmf-dist/tex/latex/adjustbox/adjcalc.sty
Package: adjcalc 2012/05/16 v1.1 Provides advanced setlength with multiple back
-ends (calc, etex, pgfmath)
)
(/usr/local/texlive/2015/texmf-dist/tex/latex/adjustbox/trimclip.sty
Package: trimclip 2012/05/16 v1.0 Trim and clip general TeX material

(/usr/local/texlive/2015/texmf-dist/tex/latex/graphics/graphicx.sty
Package: graphicx 2014/10/28 v1.0g Enhanced LaTeX Graphics (DPC,SPQR)

(/usr/local/texlive/2015/texmf-dist/tex/latex/graphics/graphics.sty
Package: graphics 2014/10/28 v1.0p Standard LaTeX Graphics (DPC,SPQR)

(/usr/local/texlive/2015/texmf-dist/tex/latex/graphics/trig.sty
Package: trig 1999/03/16 v1.09 sin cos tan (DPC)
)
(/usr/local/texlive/2015/texmf-dist/tex/latex/latexconfig/graphics.cfg
File: graphics.cfg 2010/04/23 v1.9 graphics configuration of TeX Live
)
Package graphics Info: Driver file: pdftex.def on input line 94.

(/usr/local/texlive/2015/texmf-dist/tex/latex/pdftex-def/pdftex.def
File: pdftex.def 2011/05/27 v0.06d Graphics/color for pdfTeX
\Gread@gobject=\count103
))
\Gin@req@height=\dimen116
\Gin@req@width=\dimen117
)
(/usr/local/texlive/2015/texmf-dist/tex/latex/collectbox/collectbox.sty
Package: collectbox 2012/05/17 v0.4b Collect macro arguments as boxes
\collectedbox=\box27
)
\tc@llx=\dimen118
\tc@lly=\dimen119
\tc@urx=\dimen120
\tc@ury=\dimen121
Package trimclip Info: Using driver 'tc-pdftex.def'.

(/usr/local/texlive/2015/texmf-dist/tex/latex/adjustbox/tc-pdftex.def
File: tc-pdftex.def 2012/05/13 v1.0 Clipping driver for pdftex
))
\adjbox@Width=\dimen122
\adjbox@Height=\dimen123
\adjbox@Depth=\dimen124
\adjbox@Totalheight=\dimen125

(/usr/local/texlive/2015/texmf-dist/tex/latex/ifoddpage/ifoddpage.sty
Package: ifoddpage 2011/09/13 v1.0 Conditionals for odd/even page detection
\c@checkoddpage=\count104
)
(/usr/local/texlive/2015/texmf-dist/tex/latex/varwidth/varwidth.sty
Package: varwidth 2009/03/30 ver 0.92;  Variable-width minipages
\@vwid@box=\box28
\sift@deathcycles=\count105
\@vwid@loff=\dimen126
\@vwid@roff=\dimen127
))
(/usr/local/texlive/2015/texmf-dist/tex/latex/caption/subcaption.sty
Package: subcaption 2013/02/03 v1.1-62 Sub-captions (AR)

(/usr/local/texlive/2015/texmf-dist/tex/latex/caption/caption.sty
Package: caption 2013/05/02 v3.3-89 Customizing captions (AR)

(/usr/local/texlive/2015/texmf-dist/tex/latex/caption/caption3.sty
Package: caption3 2013/05/02 v1.6-88 caption3 kernel (AR)
Package caption3 Info: TeX engine: e-TeX on input line 57.
\captionmargin=\dimen128
\captionmargin@=\dimen129
\captionwidth=\dimen130
\caption@tempdima=\dimen131
\caption@indent=\dimen132
\caption@parindent=\dimen133
\caption@hangindent=\dimen134
)
\c@ContinuedFloat=\count106
Package caption Info: hyperref package is loaded.
)
\c@subfigure=\count107
\c@subtable=\count108
)
(/usr/local/texlive/2015/texmf-dist/tex/latex/fancyhdr/fancyhdr.sty
\fancy@headwidth=\skip45
\f@ncyO@elh=\skip46
\f@ncyO@erh=\skip47
\f@ncyO@olh=\skip48
\f@ncyO@orh=\skip49
\f@ncyO@elf=\skip50
\f@ncyO@erf=\skip51
\f@ncyO@olf=\skip52
\f@ncyO@orf=\skip53
)
(/usr/local/texlive/2015/texmf-dist/tex/latex/base/inputenc.sty
Package: inputenc 2015/03/17 v1.2c Input encoding file
\inpenc@prehook=\toks19
\inpenc@posthook=\toks20

(/usr/local/texlive/2015/texmf-dist/tex/latex/base/utf8.def
File: utf8.def 2014/09/29 v1.1m UTF-8 support for inputenc
Now handling font encoding OML ...
... no UTF-8 mapping file for font encoding OML
Now handling font encoding T1 ...
... processing UTF-8 mapping file for font encoding T1

(/usr/local/texlive/2015/texmf-dist/tex/latex/base/t1enc.dfu
File: t1enc.dfu 2014/09/29 v1.1m UTF-8 support for inputenc
   defining Unicode char U+00A1 (decimal 161)
   defining Unicode char U+00A3 (decimal 163)
   defining Unicode char U+00AB (decimal 171)
   defining Unicode char U+00BB (decimal 187)
   defining Unicode char U+00BF (decimal 191)
   defining Unicode char U+00C0 (decimal 192)
   defining Unicode char U+00C1 (decimal 193)
   defining Unicode char U+00C2 (decimal 194)
   defining Unicode char U+00C3 (decimal 195)
   defining Unicode char U+00C4 (decimal 196)
   defining Unicode char U+00C5 (decimal 197)
   defining Unicode char U+00C6 (decimal 198)
   defining Unicode char U+00C7 (decimal 199)
   defining Unicode char U+00C8 (decimal 200)
   defining Unicode char U+00C9 (decimal 201)
   defining Unicode char U+00CA (decimal 202)
   defining Unicode char U+00CB (decimal 203)
   defining Unicode char U+00CC (decimal 204)
   defining Unicode char U+00CD (decimal 205)
   defining Unicode char U+00CE (decimal 206)
   defining Unicode char U+00CF (decimal 207)
   defining Unicode char U+00D0 (decimal 208)
   defining Unicode char U+00D1 (decimal 209)
   defining Unicode char U+00D2 (decimal 210)
   defining Unicode char U+00D3 (decimal 211)
   defining Unicode char U+00D4 (decimal 212)
   defining Unicode char U+00D5 (decimal 213)
   defining Unicode char U+00D6 (decimal 214)
   defining Unicode char U+00D8 (decimal 216)
   defining Unicode char U+00D9 (decimal 217)
   defining Unicode char U+00DA (decimal 218)
   defining Unicode char U+00DB (decimal 219)
   defining Unicode char U+00DC (decimal 220)
   defining Unicode char U+00DD (decimal 221)
   defining Unicode char U+00DE (decimal 222)
   defining Unicode char U+00DF (decimal 223)
   defining Unicode char U+00E0 (decimal 224)
   defining Unicode char U+00E1 (decimal 225)
   defining Unicode char U+00E2 (decimal 226)
   defining Unicode char U+00E3 (decimal 227)
   defining Unicode char U+00E4 (decimal 228)
   defining Unicode char U+00E5 (decimal 229)
   defining Unicode char U+00E6 (decimal 230)
   defining Unicode char U+00E7 (decimal 231)
   defining Unicode char U+00E8 (decimal 232)
   defining Unicode char U+00E9 (decimal 233)
   defining Unicode char U+00EA (decimal 234)
   defining Unicode char U+00EB (decimal 235)
   defining Unicode char U+00EC (decimal 236)
   defining Unicode char U+00ED (decimal 237)
   defining Unicode char U+00EE (decimal 238)
   defining Unicode char U+00EF (decimal 239)
   defining Unicode char U+00F0 (decimal 240)
   defining Unicode char U+00F1 (decimal 241)
   defining Unicode char U+00F2 (decimal 242)
   defining Unicode char U+00F3 (decimal 243)
   defining Unicode char U+00F4 (decimal 244)
   defining Unicode char U+00F5 (decimal 245)
   defining Unicode char U+00F6 (decimal 246)
   defining Unicode char U+00F8 (decimal 248)
   defining Unicode char U+00F9 (decimal 249)
   defining Unicode char U+00FA (decimal 250)
   defining Unicode char U+00FB (decimal 251)
   defining Unicode char U+00FC (decimal 252)
   defining Unicode char U+00FD (decimal 253)
   defining Unicode char U+00FE (decimal 254)
   defining Unicode char U+00FF (decimal 255)
   defining Unicode char U+0102 (decimal 258)
   defining Unicode char U+0103 (decimal 259)
   defining Unicode char U+0104 (decimal 260)
   defining Unicode char U+0105 (decimal 261)
   defining Unicode char U+0106 (decimal 262)
   defining Unicode char U+0107 (decimal 263)
   defining Unicode char U+010C (decimal 268)
   defining Unicode char U+010D (decimal 269)
   defining Unicode char U+010E (decimal 270)
   defining Unicode char U+010F (decimal 271)
   defining Unicode char U+0110 (decimal 272)
   defining Unicode char U+0111 (decimal 273)
   defining Unicode char U+0118 (decimal 280)
   defining Unicode char U+0119 (decimal 281)
   defining Unicode char U+011A (decimal 282)
   defining Unicode char U+011B (decimal 283)
   defining Unicode char U+011E (decimal 286)
   defining Unicode char U+011F (decimal 287)
   defining Unicode char U+0130 (decimal 304)
   defining Unicode char U+0131 (decimal 305)
   defining Unicode char U+0132 (decimal 306)
   defining Unicode char U+0133 (decimal 307)
   defining Unicode char U+0139 (decimal 313)
   defining Unicode char U+013A (decimal 314)
   defining Unicode char U+013D (decimal 317)
   defining Unicode char U+013E (decimal 318)
   defining Unicode char U+0141 (decimal 321)
   defining Unicode char U+0142 (decimal 322)
   defining Unicode char U+0143 (decimal 323)
   defining Unicode char U+0144 (decimal 324)
   defining Unicode char U+0147 (decimal 327)
   defining Unicode char U+0148 (decimal 328)
   defining Unicode char U+014A (decimal 330)
   defining Unicode char U+014B (decimal 331)
   defining Unicode char U+0150 (decimal 336)
   defining Unicode char U+0151 (decimal 337)
   defining Unicode char U+0152 (decimal 338)
   defining Unicode char U+0153 (decimal 339)
   defining Unicode char U+0154 (decimal 340)
   defining Unicode char U+0155 (decimal 341)
   defining Unicode char U+0158 (decimal 344)
   defining Unicode char U+0159 (decimal 345)
   defining Unicode char U+015A (decimal 346)
   defining Unicode char U+015B (decimal 347)
   defining Unicode char U+015E (decimal 350)
   defining Unicode char U+015F (decimal 351)
   defining Unicode char U+0160 (decimal 352)
   defining Unicode char U+0161 (decimal 353)
   defining Unicode char U+0162 (decimal 354)
   defining Unicode char U+0163 (decimal 355)
   defining Unicode char U+0164 (decimal 356)
   defining Unicode char U+0165 (decimal 357)
   defining Unicode char U+016E (decimal 366)
   defining Unicode char U+016F (decimal 367)
   defining Unicode char U+0170 (decimal 368)
   defining Unicode char U+0171 (decimal 369)
   defining Unicode char U+0178 (decimal 376)
   defining Unicode char U+0179 (decimal 377)
   defining Unicode char U+017A (decimal 378)
   defining Unicode char U+017B (decimal 379)
   defining Unicode char U+017C (decimal 380)
   defining Unicode char U+017D (decimal 381)
   defining Unicode char U+017E (decimal 382)
   defining Unicode char U+200C (decimal 8204)
   defining Unicode char U+2013 (decimal 8211)
   defining Unicode char U+2014 (decimal 8212)
   defining Unicode char U+2018 (decimal 8216)
   defining Unicode char U+2019 (decimal 8217)
   defining Unicode char U+201A (decimal 8218)
   defining Unicode char U+201C (decimal 8220)
   defining Unicode char U+201D (decimal 8221)
   defining Unicode char U+201E (decimal 8222)
   defining Unicode char U+2030 (decimal 8240)
   defining Unicode char U+2031 (decimal 8241)
   defining Unicode char U+2039 (decimal 8249)
   defining Unicode char U+203A (decimal 8250)
   defining Unicode char U+2423 (decimal 9251)
)
Now handling font encoding OT1 ...
... processing UTF-8 mapping file for font encoding OT1

(/usr/local/texlive/2015/texmf-dist/tex/latex/base/ot1enc.dfu
File: ot1enc.dfu 2014/09/29 v1.1m UTF-8 support for inputenc
   defining Unicode char U+00A1 (decimal 161)
   defining Unicode char U+00A3 (decimal 163)
   defining Unicode char U+00B8 (decimal 184)
   defining Unicode char U+00BF (decimal 191)
   defining Unicode char U+00C5 (decimal 197)
   defining Unicode char U+00C6 (decimal 198)
   defining Unicode char U+00D8 (decimal 216)
   defining Unicode char U+00DF (decimal 223)
   defining Unicode char U+00E6 (decimal 230)
   defining Unicode char U+00EC (decimal 236)
   defining Unicode char U+00ED (decimal 237)
   defining Unicode char U+00EE (decimal 238)
   defining Unicode char U+00EF (decimal 239)
   defining Unicode char U+00F8 (decimal 248)
   defining Unicode char U+0131 (decimal 305)
   defining Unicode char U+0141 (decimal 321)
   defining Unicode char U+0142 (decimal 322)
   defining Unicode char U+0152 (decimal 338)
   defining Unicode char U+0153 (decimal 339)
   defining Unicode char U+2013 (decimal 8211)
   defining Unicode char U+2014 (decimal 8212)
   defining Unicode char U+2018 (decimal 8216)
   defining Unicode char U+2019 (decimal 8217)
   defining Unicode char U+201C (decimal 8220)
   defining Unicode char U+201D (decimal 8221)
)
Now handling font encoding OMS ...
... processing UTF-8 mapping file for font encoding OMS

(/usr/local/texlive/2015/texmf-dist/tex/latex/base/omsenc.dfu
File: omsenc.dfu 2014/09/29 v1.1m UTF-8 support for inputenc
   defining Unicode char U+00A7 (decimal 167)
   defining Unicode char U+00B6 (decimal 182)
   defining Unicode char U+00B7 (decimal 183)
   defining Unicode char U+2020 (decimal 8224)
   defining Unicode char U+2021 (decimal 8225)
   defining Unicode char U+2022 (decimal 8226)
)
Now handling font encoding OMX ...
... no UTF-8 mapping file for font encoding OMX
Now handling font encoding U ...
... no UTF-8 mapping file for font encoding U
Now handling font encoding PD1 ...
... no UTF-8 mapping file for font encoding PD1
   defining Unicode char U+00A9 (decimal 169)
   defining Unicode char U+00AA (decimal 170)
   defining Unicode char U+00AE (decimal 174)
   defining Unicode char U+00BA (decimal 186)
   defining Unicode char U+02C6 (decimal 710)
   defining Unicode char U+02DC (decimal 732)
   defining Unicode char U+200C (decimal 8204)
   defining Unicode char U+2026 (decimal 8230)
   defining Unicode char U+2122 (decimal 8482)
   defining Unicode char U+2423 (decimal 9251)
))
(/usr/local/texlive/2015/texmf-dist/tex/latex/tools/afterpage.sty
Package: afterpage 2014/10/28 v1.08 After-Page Package (DPC)
\AP@output=\toks21
\AP@partial=\box29
\AP@footins=\box30
)
(/usr/local/texlive/2015/texmf-dist/tex/latex/filecontents/filecontents.sty
Package: filecontents 2011/10/08 v1.3 Create an external file from within a LaT
eX document
)
(/usr/local/texlive/2015/texmf-dist/tex/latex/tocbibind/tocbibind.sty
Package: tocbibind 2010/10/13 v1.5k extra ToC listings
Package tocbibind Info: The document has chapter divisions on input line 50.


Package tocbibind Note: Using chapter style headings, unless overridden.

) (/usr/local/texlive/2015/texmf-dist/tex/latex/natbib/natbib.sty
Package: natbib 2010/09/13 8.31b (PWD, AO)
\bibhang=\skip54
\bibsep=\skip55
LaTeX Info: Redefining \cite on input line 694.
\c@NAT@ctr=\count109
)
(/usr/local/texlive/2015/texmf-dist/tex/latex/amsmath/amsmath.sty
Package: amsmath 2013/01/14 v2.14 AMS math features
\@mathmargin=\skip56

For additional information on amsmath, use the `?' option.
(/usr/local/texlive/2015/texmf-dist/tex/latex/amsmath/amstext.sty
Package: amstext 2000/06/29 v2.01

(/usr/local/texlive/2015/texmf-dist/tex/latex/amsmath/amsgen.sty
File: amsgen.sty 1999/11/30 v2.0
\@emptytoks=\toks22
\ex@=\dimen135
))
(/usr/local/texlive/2015/texmf-dist/tex/latex/amsmath/amsbsy.sty
Package: amsbsy 1999/11/29 v1.2d
\pmbraise@=\dimen136
)
(/usr/local/texlive/2015/texmf-dist/tex/latex/amsmath/amsopn.sty
Package: amsopn 1999/12/14 v2.01 operator names
)
\inf@bad=\count110
LaTeX Info: Redefining \frac on input line 210.
\uproot@=\count111
\leftroot@=\count112
LaTeX Info: Redefining \overline on input line 306.
\classnum@=\count113
\DOTSCASE@=\count114
LaTeX Info: Redefining \ldots on input line 378.
LaTeX Info: Redefining \dots on input line 381.
LaTeX Info: Redefining \cdots on input line 466.
\Mathstrutbox@=\box31
\strutbox@=\box32
\big@size=\dimen137
LaTeX Font Info:    Redeclaring font encoding OML on input line 566.
LaTeX Font Info:    Redeclaring font encoding OMS on input line 567.
\macc@depth=\count115
\c@MaxMatrixCols=\count116
\dotsspace@=\muskip11
\c@parentequation=\count117
\dspbrk@lvl=\count118
\tag@help=\toks23
\row@=\count119
\column@=\count120
\maxfields@=\count121
\andhelp@=\toks24
\eqnshift@=\dimen138
\alignsep@=\dimen139
\tagshift@=\dimen140
\tagwidth@=\dimen141
\totwidth@=\dimen142
\lineht@=\dimen143
\@envbody=\toks25
\multlinegap=\skip57
\multlinetaggap=\skip58
\mathdisplay@stack=\toks26
LaTeX Info: Redefining \[ on input line 2665.
LaTeX Info: Redefining \] on input line 2666.
)
(/usr/local/texlive/2015/texmf-dist/tex/latex/algorithms/algorithm.sty
Package: algorithm 2009/08/24 v0.1 Document Style `algorithm' - floating enviro
nment

(/usr/local/texlive/2015/texmf-dist/tex/latex/float/float.sty
Package: float 2001/11/08 v1.3d Float enhancements (AL)
\c@float@type=\count122
\float@exts=\toks27
\float@box=\box33
\@float@everytoks=\toks28
\@floatcapt=\box34
)
(/usr/local/texlive/2015/texmf-dist/tex/latex/base/ifthen.sty
Package: ifthen 2014/09/29 v1.1c Standard LaTeX ifthen package (DPC)
)
\@float@every@algorithm=\toks29
\c@algorithm=\count123
)
(/usr/local/texlive/2015/texmf-dist/tex/latex/algorithmicx/algpseudocode.sty
Package: algpseudocode 

(/usr/local/texlive/2015/texmf-dist/tex/latex/algorithmicx/algorithmicx.sty
Package: algorithmicx 2005/04/27 v1.2 Algorithmicx

Document Style algorithmicx 1.2 - a greatly improved `algorithmic' style
\c@ALG@line=\count124
\c@ALG@rem=\count125
\c@ALG@nested=\count126
\ALG@tlm=\skip59
\ALG@thistlm=\skip60
\c@ALG@Lnr=\count127
\c@ALG@blocknr=\count128
\c@ALG@storecount=\count129
\c@ALG@tmpcounter=\count130
\ALG@tmplength=\skip61
)
Document Style - pseudocode environments for use with the `algorithmicx' style
) (/usr/local/texlive/2015/texmf-dist/tex/generic/ulem/ulem.sty
\UL@box=\box35
\UL@hyphenbox=\box36
\UL@skip=\skip62
\UL@hook=\toks30
\UL@height=\dimen144
\UL@pe=\count131
\UL@pixel=\dimen145
\ULC@box=\box37
Package: ulem 2012/05/18
\ULdepth=\dimen146
)
(/usr/local/texlive/2015/texmf-dist/tex/latex/amsfonts/amssymb.sty
Package: amssymb 2013/01/14 v3.01 AMS font symbols

(/usr/local/texlive/2015/texmf-dist/tex/latex/amsfonts/amsfonts.sty
Package: amsfonts 2013/01/14 v3.01 Basic AMSFonts support
\symAMSa=\mathgroup4
\symAMSb=\mathgroup5
LaTeX Font Info:    Overwriting math alphabet `\mathfrak' in version `bold'
(Font)                  U/euf/m/n --> U/euf/b/n on input line 106.
))
(/usr/local/texlive/2015/texmf-dist/tex/latex/psnfss/pifont.sty
Package: pifont 2005/04/12 PSNFSS-v9.2a Pi font support (SPQR) 
LaTeX Font Info:    Try loading font information for U+pzd on input line 63.

(/usr/local/texlive/2015/texmf-dist/tex/latex/psnfss/upzd.fd
File: upzd.fd 2001/06/04 font definitions for U/pzd.
)
LaTeX Font Info:    Try loading font information for U+psy on input line 64.

(/usr/local/texlive/2015/texmf-dist/tex/latex/psnfss/upsy.fd
File: upsy.fd 2001/06/04 font definitions for U/psy.
))
(/usr/local/texlive/2015/texmf-dist/tex/latex/tools/longtable.sty
Package: longtable 2014/10/28 v4.11 Multi-page Table package (DPC)
\LTleft=\skip63
\LTright=\skip64
\LTpre=\skip65
\LTpost=\skip66
\LTchunksize=\count132
\LTcapwidth=\dimen147
\LT@head=\box38
\LT@firsthead=\box39
\LT@foot=\box40
\LT@lastfoot=\box41
\LT@cols=\count133
\LT@rows=\count134
\c@LT@tables=\count135
\c@LT@chunks=\count136
\LT@p@ftn=\toks31
)
(/usr/local/texlive/2015/texmf-dist/tex/latex/rotating/rotating.sty
Package: rotating 2009/03/28 v2.16a rotated objects in LaTeX
\c@r@tfl@t=\count137
\rotFPtop=\skip67
\rotFPbot=\skip68
\rot@float@box=\box42
\rot@mess@toks=\toks32
)
(/usr/local/texlive/2015/texmf-dist/tex/latex/oberdiek/pdflscape.sty
Package: pdflscape 2008/08/11 v0.10 Display of landscape pages in PDF (HO)

(/usr/local/texlive/2015/texmf-dist/tex/latex/graphics/lscape.sty
Package: lscape 2000/10/22 v3.01 Landscape Pages (DPC)
)
Package pdflscape Info: Auto-detected driver: pdftex on input line 80.
)
(/usr/local/texlive/2015/texmf-dist/tex/latex/multirow/multirow.sty
\bigstrutjot=\dimen148
)
(/usr/local/texlive/2015/texmf-dist/tex/latex/easy/easytable.sty
Document Style `easytable' v1.0 <2001/06/13>.
(/usr/local/texlive/2015/texmf-dist/tex/latex/easy/easy.sty
Document Style `easy' v1.1 <2001/05/31>.
Package: easy 2001/05/31 v1.1
\@easy@level=\count138
\@easy@ncol=\count139
\@easy@nrow=\count140
\@easy@cnt=\count141
\@easy@boxviii=\box43
\@easy@minxviii=\dimen149
\@easy@minyviii=\dimen150
\@easy@maxxviii=\dimen151
\@easy@maxyviii=\dimen152
\@easy@boxvii=\box44
\@easy@minxvii=\dimen153
\@easy@minyvii=\dimen154
\@easy@maxxvii=\dimen155
\@easy@maxyvii=\dimen156
\@easy@boxvi=\box45
\@easy@minxvi=\dimen157
\@easy@minyvi=\dimen158
\@easy@maxxvi=\dimen159
\@easy@maxyvi=\dimen160
\@easy@boxv=\box46
\@easy@minxv=\dimen161
\@easy@minyv=\dimen162
\@easy@maxxv=\dimen163
\@easy@maxyv=\dimen164
\@easy@boxiv=\box47
\@easy@minxiv=\dimen165
\@easy@minyiv=\dimen166
\@easy@maxxiv=\dimen167
\@easy@maxyiv=\dimen168
\@easy@boxiii=\box48
\@easy@minxiii=\dimen169
\@easy@minyiii=\dimen170
\@easy@maxxiii=\dimen171
\@easy@maxyiii=\dimen172
\@easy@boxii=\box49
\@easy@minxii=\dimen173
\@easy@minyii=\dimen174
\@easy@maxxii=\dimen175
\@easy@maxyii=\dimen176
\@easy@boxi=\box50
\@easy@minxi=\dimen177
\@easy@minyi=\dimen178
\@easy@maxxi=\dimen179
\@easy@maxyi=\dimen180
\@easy@hsizexxx=\dimen181
\@easy@vsizexxx=\dimen182
\@easy@hsizexxix=\dimen183
\@easy@vsizexxix=\dimen184
\@easy@hsizexxviii=\dimen185
\@easy@vsizexxviii=\dimen186
\@easy@hsizexxvii=\dimen187
\@easy@vsizexxvii=\dimen188
\@easy@hsizexxvi=\dimen189
\@easy@vsizexxvi=\dimen190
\@easy@hsizexxv=\dimen191
\@easy@vsizexxv=\dimen192
\@easy@hsizexxiv=\dimen193
\@easy@vsizexxiv=\dimen194
\@easy@hsizexxiii=\dimen195
\@easy@vsizexxiii=\dimen196
\@easy@hsizexxii=\dimen197
\@easy@vsizexxii=\dimen198
\@easy@hsizexxi=\dimen199
\@easy@vsizexxi=\dimen200
\@easy@hsizexx=\dimen201
\@easy@vsizexx=\dimen202
\@easy@hsizexix=\dimen203
\@easy@vsizexix=\dimen204
\@easy@hsizexviii=\dimen205
\@easy@vsizexviii=\dimen206
\@easy@hsizexvii=\dimen207
\@easy@vsizexvii=\dimen208
\@easy@hsizexvi=\dimen209
\@easy@vsizexvi=\dimen210
\@easy@hsizexv=\dimen211
\@easy@vsizexv=\dimen212
\@easy@hsizexiv=\dimen213
\@easy@vsizexiv=\dimen214
\@easy@hsizexiii=\dimen215
\@easy@vsizexiii=\dimen216
\@easy@hsizexii=\dimen217
\@easy@vsizexii=\dimen218
\@easy@hsizexi=\dimen219
\@easy@vsizexi=\dimen220
\@easy@hsizex=\dimen221
\@easy@vsizex=\dimen222
\@easy@hsizeix=\dimen223
\@easy@vsizeix=\dimen224
\@easy@hsizeviii=\dimen225
\@easy@vsizeviii=\dimen226
\@easy@hsizevii=\dimen227
\@easy@vsizevii=\dimen228
\@easy@hsizevi=\dimen229
\@easy@vsizevi=\dimen230
\@easy@hsizev=\dimen231
\@easy@vsizev=\dimen232
\@easy@hsizeiv=\dimen233
\@easy@vsizeiv=\dimen256
\@easy@hsizeiii=\dimen257
\@easy@vsizeiii=\dimen258
\@easy@hsizeii=\dimen259
\@easy@vsizeii=\dimen260
\@easy@hsizei=\dimen261
\@easy@vsizei=\dimen262
\@easy@dash@len=\dimen263
\@easy@dash@sep=\dimen264
)
Package: easytable 2001/05/31v1.1
\@tab@size@rule=\dimen265
\@tab@size@dash=\dimen266
)) (/usr/local/texlive/2015/texmf-dist/tex/latex/tools/multicol.sty
Package: multicol 2015/03/31 v1.8m multicolumn formatting (FMi)
\c@tracingmulticols=\count142
\mult@box=\box51
\multicol@leftmargin=\dimen267
\c@unbalance=\count143
\c@collectmore=\count144
\doublecol@number=\count145
\multicoltolerance=\count146
\multicolpretolerance=\count147
\full@width=\dimen268
\page@free=\dimen269
\premulticols=\dimen270
\postmulticols=\dimen271
\multicolsep=\skip69
\multicolbaselineskip=\skip70
\partial@page=\box52
\last@line=\box53
\maxbalancingoverflow=\dimen272
\mult@rightbox=\box54
\mult@grightbox=\box55
\mult@gfirstbox=\box56
\mult@firstbox=\box57
\@tempa=\box58
\@tempa=\box59
\@tempa=\box60
\@tempa=\box61
\@tempa=\box62
\@tempa=\box63
\@tempa=\box64
\@tempa=\box65
\@tempa=\box66
\@tempa=\box67
\@tempa=\box68
\@tempa=\box69
\@tempa=\box70
\@tempa=\box71
\@tempa=\box72
\@tempa=\box73
\@tempa=\box74
\c@columnbadness=\count148
\c@finalcolumnbadness=\count149
\last@try=\dimen273
\multicolovershoot=\dimen274
\multicolundershoot=\dimen275
\mult@nat@firstbox=\box75
\colbreak@box=\box76
\mc@col@check@num=\count150
)
(./report.aux)
\openout1 = `report.aux'.

LaTeX Font Info:    Checking defaults for OML/cmm/m/it on input line 5.
LaTeX Font Info:    ... okay on input line 5.
LaTeX Font Info:    Checking defaults for T1/cmr/m/n on input line 5.
LaTeX Font Info:    ... okay on input line 5.
LaTeX Font Info:    Checking defaults for OT1/cmr/m/n on input line 5.
LaTeX Font Info:    ... okay on input line 5.
LaTeX Font Info:    Checking defaults for OMS/cmsy/m/n on input line 5.
LaTeX Font Info:    ... okay on input line 5.
LaTeX Font Info:    Checking defaults for OMX/cmex/m/n on input line 5.
LaTeX Font Info:    ... okay on input line 5.
LaTeX Font Info:    Checking defaults for U/cmr/m/n on input line 5.
LaTeX Font Info:    ... okay on input line 5.
LaTeX Font Info:    Checking defaults for PD1/pdf/m/n on input line 5.
LaTeX Font Info:    ... okay on input line 5.

*geometry* driver: auto-detecting
*geometry* detected driver: pdftex
*geometry* verbose mode - [ preamble ] result:
* driver: pdftex
* paper: a4paper
* layout: <same size as paper>
* layoutoffset:(h,v)=(0.0pt,0.0pt)
* bindingoffset: 17.07164pt
* modes: twoside 
* h-part:(L,W,R)=(61.45795pt, 426.79134pt, 92.18695pt)
* v-part:(T,H,B)=(71.13188pt, 702.78308pt, 71.13188pt)
* \paperwidth=597.50787pt
* \paperheight=845.04684pt
* \textwidth=426.79134pt
* \textheight=702.78308pt
* \oddsidemargin=6.2596pt
* \evensidemargin=19.91696pt
* \topmargin=-33.0119pt
* \headheight=12.0pt
* \headsep=19.8738pt
* \topskip=12.0pt
* \footskip=30.0pt
* \marginparwidth=98.0pt
* \marginparsep=7.0pt
* \columnsep=10.0pt
* \skip\footins=10.8pt plus 4.0pt minus 2.0pt
* \hoffset=0.0pt
* \voffset=0.0pt
* \mag=1000
* \@twocolumnfalse
* \@twosidetrue
* \@mparswitchtrue
* \@reversemarginfalse
* (1in=72.27pt=25.4mm, 1cm=28.453pt)

\AtBeginShipoutBox=\box77
Package hyperref Info: Link coloring OFF on input line 5.
(/usr/local/texlive/2015/texmf-dist/tex/latex/hyperref/nameref.sty
Package: nameref 2012/10/27 v2.43 Cross-referencing by name of section

(/usr/local/texlive/2015/texmf-dist/tex/generic/oberdiek/gettitlestring.sty
Package: gettitlestring 2010/12/03 v1.4 Cleanup title references (HO)
)
\c@section@level=\count151
)
LaTeX Info: Redefining \ref on input line 5.
LaTeX Info: Redefining \pageref on input line 5.
LaTeX Info: Redefining \nameref on input line 5.

(./report.out) (./report.out)
\@outlinefile=\write3
\openout3 = `report.out'.


(/usr/local/texlive/2015/texmf-dist/tex/context/base/supp-pdf.mkii
[Loading MPS to PDF converter (version 2006.09.02).]
\scratchcounter=\count152
\scratchdimen=\dimen276
\scratchbox=\box78
\nofMPsegments=\count153
\nofMParguments=\count154
\everyMPshowfont=\toks33
\MPscratchCnt=\count155
\MPscratchDim=\dimen277
\MPnumerator=\count156
\makeMPintoPDFobject=\count157
\everyMPtoPDFconversion=\toks34
) (/usr/local/texlive/2015/texmf-dist/tex/latex/oberdiek/epstopdf-base.sty
Package: epstopdf-base 2010/02/09 v2.5 Base part for package epstopdf

(/usr/local/texlive/2015/texmf-dist/tex/latex/oberdiek/grfext.sty
Package: grfext 2010/08/19 v1.1 Manage graphics extensions (HO)
)
Package grfext Info: Graphics extension search list:
(grfext)             [.png,.pdf,.jpg,.mps,.jpeg,.jbig2,.jb2,.PNG,.PDF,.JPG,.JPE
G,.JBIG2,.JB2,.eps]
(grfext)             \AppendGraphicsExtensions on input line 452.

(/usr/local/texlive/2015/texmf-dist/tex/latex/latexconfig/epstopdf-sys.cfg
File: epstopdf-sys.cfg 2010/07/13 v1.3 Configuration of (r)epstopdf for TeX Liv
e
))
Package caption Info: Begin \AtBeginDocument code.
Package caption Info: float package is loaded.
Package caption Info: longtable package is loaded.

(/usr/local/texlive/2015/texmf-dist/tex/latex/caption/ltcaption.sty
Package: ltcaption 2013/02/03 v1.3-62 longtable captions (AR)
)
Package caption Info: rotating package is loaded.
Package caption Info: End \AtBeginDocument code.

<images/epfl.png, id=160, 273.823pt x 132.0935pt>
File: images/epfl.png Graphic file (type png)
 <use images/epfl.png>
Package pdftex.def Info: images/epfl.png used on input line 12.
(pdftex.def)             Requested size: 85.35696pt x 41.17632pt.
LaTeX Font Info:    Try loading font information for U+msa on input line 14.

(/usr/local/texlive/2015/texmf-dist/tex/latex/amsfonts/umsa.fd
File: umsa.fd 2013/01/14 v3.01 AMS symbols A
)
LaTeX Font Info:    Try loading font information for U+msb on input line 14.

(/usr/local/texlive/2015/texmf-dist/tex/latex/amsfonts/umsb.fd
File: umsb.fd 2013/01/14 v3.01 AMS symbols B
)
<images/swisscom.png, id=162, 240.9pt x 94.6737pt>
File: images/swisscom.png Graphic file (type png)
 <use images/swisscom.png>
Package pdftex.def Info: images/swisscom.png used on input line 18.
(pdftex.def)             Requested size: 136.57166pt x 53.6742pt.

[1


{/usr/local/texlive/2015/texmf-var/fonts/map/pdftex/updmap/pdftex.map} <./image
s/epfl.png> <./images/swisscom.png>] [2

] (./chapters/abstract.tex) [1

]
[2

] (./chapters/acknowledgements.tex) [3] [4

] (./report.toc [5])
\tf@toc=\write4
\openout4 = `report.toc'.



Package Fancyhdr Warning: \headheight is too small (12.0pt): 
 Make it at least 14.49998pt.
 We now make it that large for the rest of the document.
 This may cause the page layout to be inconsistent, however.

[6] (./report.lof)
\tf@lof=\write5
\openout5 = `report.lof'.

 [7

] [8

] (./report.lot)
\tf@lot=\write6
\openout6 = `report.lot'.

 [9] [10

]
Chapter 1.
(./chapters/c1_introduction.tex
<images/neural_network.pdf, id=346, 322.20375pt x 250.9375pt>
File: images/neural_network.pdf Graphic file (type pdf)

<use images/neural_network.pdf>
Package pdftex.def Info: images/neural_network.pdf used on input line 9.
(pdftex.def)             Requested size: 256.0774pt x 199.44456pt.

Underfull \vbox (badness 1082) has occurred while \output is active []

pdfTeX warning (ext4): destination with the same identifier (name{page.1}) has 
been already used, duplicate ignored
<to be read again> 
                   \relax 
l.15 
      [1

]
LaTeX Font Info:    Try loading font information for OMS+cmr on input line 17.
 (/usr/local/texlive/2015/texmf-dist/tex/latex/base/omscmr.fd
File: omscmr.fd 2014/09/29 v2.5h Standard LaTeX font definitions
)
LaTeX Font Info:    Font shape `OMS/cmr/m/n' in size <12> not available
(Font)              Font shape `OMS/cmsy/m/n' tried instead on input line 17.
pdfTeX warning (ext4): destination with the same identifier (name{page.2}) has 
been already used, duplicate ignored
<to be read again> 
                   \relax 
l.32 \begin{center}
                    [2 <./images/neural_network.pdf>] [3]
<images/CNN.pdf, id=395, 959.585pt x 207.77625pt>
File: images/CNN.pdf Graphic file (type pdf)
 <use images/CNN.pdf>
Package pdftex.def Info: images/CNN.pdf used on input line 46.
(pdftex.def)             Requested size: 426.79134pt x 92.41098pt.
)
[4 <./images/CNN.pdf>]
Chapter 2.
(./chapters/c2_related_work.tex) [5

] [6

]
Chapter 3.
(./chapters/c3_datasets.tex

LaTeX Warning: No positions in optional float specifier.
               Default added (so using `tbp') on input line 6.

<images/FERPLUS_FER.png, id=482, 441.14813pt x 194.22563pt>
File: images/FERPLUS_FER.png Graphic file (type png)

<use images/FERPLUS_FER.png>
Package pdftex.def Info: images/FERPLUS_FER.png used on input line 8.
(pdftex.def)             Requested size: 256.0774pt x 112.74873pt.


LaTeX Warning: No positions in optional float specifier.
               Default added (so using `tbp') on input line 15.

<images/ferplus.png, id=486, 264.99pt x 425.6703pt>
File: images/ferplus.png Graphic file (type png)
 <use images/ferplus.png>
Package pdftex.def Info: images/ferplus.png used on input line 17.
(pdftex.def)             Requested size: 341.43436pt x 548.50641pt.

Underfull \vbox (badness 1521) has occurred while \output is active []

 [7 <./images/FERPLUS_FER.png>] [8 <./images/ferplus.png>]
<images/Cohn_kanade.pdf, id=502, 608.2725pt x 240.9pt>
File: images/Cohn_kanade.pdf Graphic file (type pdf)

<use images/Cohn_kanade.pdf>
Package pdftex.def Info: images/Cohn_kanade.pdf used on input line 27.
(pdftex.def)             Requested size: 256.0774pt x 101.4199pt.


LaTeX Warning: No positions in optional float specifier.
               Default added (so using `tbp') on input line 32.

<images/wiki.png, id=505, 299.6796pt x 56.8524pt>
File: images/wiki.png Graphic file (type png)
 <use images/wiki.png>
Package pdftex.def Info: images/wiki.png used on input line 77.
(pdftex.def)             Requested size: 256.0774pt x 48.58414pt.
)
[9 <./images/Cohn_kanade.pdf> <./images/wiki.png>] [10]
Chapter 4.
(./chapters/c4_architectures.tex

LaTeX Warning: No positions in optional float specifier.
               Default added (so using `tbp') on input line 5.

<images/Alex_net.pdf, id=545, 562.1pt x 179.67125pt>
File: images/Alex_net.pdf Graphic file (type pdf)
 <use images/Alex_net.pdf>
Package pdftex.def Info: images/Alex_net.pdf used on input line 7.
(pdftex.def)             Requested size: 256.0774pt x 81.85197pt.

[11

 <./images/Alex_net.pdf, page is rotated 270 degrees>]

LaTeX Warning: No positions in optional float specifier.
               Default added (so using `tbp') on input line 16.

<images/VGG16_imagenet.pdf, id=571, 907.39pt x 196.735pt>
File: images/VGG16_imagenet.pdf Graphic file (type pdf)

<use images/VGG16_imagenet.pdf>
Package pdftex.def Info: images/VGG16_imagenet.pdf used on input line 18.
(pdftex.def)             Requested size: 341.43436pt x 74.02759pt.


LaTeX Warning: No positions in optional float specifier.
               Default added (so using `tbp') on input line 27.

<images/GoogLeNet.pdf, id=574, 709.65125pt x 209.78375pt>
File: images/GoogLeNet.pdf Graphic file (type pdf)

<use images/GoogLeNet.pdf>
Package pdftex.def Info: images/GoogLeNet.pdf used on input line 29.
(pdftex.def)             Requested size: 341.43436pt x 100.93512pt.
 [12 <./images/VGG16_imagenet.pdf, page is rotated 270 degrees> <./images/GoogL
eNet.pdf

pdfTeX warning: pdflatex (file ./images/GoogLeNet.pdf): PDF inclusion: multiple
 pdfs with page group included in a single page
>]

LaTeX Warning: No positions in optional float specifier.
               Default added (so using `tbp') on input line 38.

<images/ResNet_1.pdf, id=609, 536.0025pt x 265.99374pt>
File: images/ResNet_1.pdf Graphic file (type pdf)

<use images/ResNet_1.pdf>
Package pdftex.def Info: images/ResNet_1.pdf used on input line 40.
(pdftex.def)             Requested size: 341.43436pt x 169.43584pt.


LaTeX Warning: No positions in optional float specifier.
               Default added (so using `tbp') on input line 48.

<images/ResNet.png, id=613, 630.355pt x 724.7075pt>
File: images/ResNet.png Graphic file (type png)
 <use images/ResNet.png>
Package pdftex.def Info: images/ResNet.png used on input line 50.
(pdftex.def)             Requested size: 256.0774pt x 294.4117pt.


LaTeX Warning: No positions in optional float specifier.
               Default added (so using `tbp') on input line 58.

<images/DenseNet.png, id=618, 670.00313pt x 482.30188pt>
File: images/DenseNet.png Graphic file (type png)

<use images/DenseNet.png>
Package pdftex.def Info: images/DenseNet.png used on input line 60.
(pdftex.def)             Requested size: 256.0774pt x 184.33636pt.

Underfull \vbox (badness 3417) has occurred while \output is active []

 [13 <./images/ResNet_1.pdf>] [14 <./images/ResNet.png> <./images/DenseNet.png>
]) [15]
[16

]
Chapter 5.
(./chapters/c5_transfer_learning.tex

LaTeX Warning: No positions in optional float specifier.
               Default added (so using `tbp') on input line 10.

<images/transfer_learning.pdf, id=671, 870.25125pt x 397.485pt>
File: images/transfer_learning.pdf Graphic file (type pdf)

<use images/transfer_learning.pdf>
Package pdftex.def Info: images/transfer_learning.pdf used on input line 12.
(pdftex.def)             Requested size: 341.43436pt x 155.95255pt.


LaTeX Warning: No positions in optional float specifier.
               Default added (so using `tbp') on input line 17.


<images/VGG16_transfer_learning_feature_extractor.pdf, id=672, 1057.9525pt x 68
9.57625pt>
File: images/VGG16_transfer_learning_feature_extractor.pdf Graphic file (type p
df)
 <use images/VGG16_transfer_learning_feature_extractor.pdf>
Package pdftex.def Info: images/VGG16_transfer_learning_feature_extractor.pdf u
sed on input line 19.
(pdftex.def)             Requested size: 341.43436pt x 222.54182pt.


LaTeX Warning: No positions in optional float specifier.
               Default added (so using `tbp') on input line 24.

<images/VGG16_transfer_learning_finetuning.pdf, id=673, 803.0pt x 387.4475pt>
File: images/VGG16_transfer_learning_finetuning.pdf Graphic file (type pdf)

<use images/VGG16_transfer_learning_finetuning.pdf>
Package pdftex.def Info: images/VGG16_transfer_learning_finetuning.pdf used on 
input line 26.
(pdftex.def)             Requested size: 341.43436pt x 164.74281pt.
) [17] [18 <./images/transfer_learning.pdf> <./images/VGG16_transfer_learning_f
eature_extractor.pdf

pdfTeX warning: pdflatex (file ./images/VGG16_transfer_learning_feature_extract
or.pdf): PDF inclusion: multiple pdfs with page group included in a single page

> <./images/VGG16_transfer_learning_finetuning.pdf, page is rotated 270 degrees


pdfTeX warning: pdflatex (file ./images/VGG16_transfer_learning_finetuning.pdf)
: PDF inclusion: multiple pdfs with page group included in a single page
>]
Chapter 6.
(./chapters/c6_multitask_learning.tex
Overfull \hbox (3.96808pt too wide) in paragraph at lines 3--4
[]\OT1/cmr/m/n/12 Multi-task learn-ing is re-lated to other ar-eas of ma-chine 
learn-ing in-clud-ing transfer-
 []

<images/multitask_learning_hard.pdf, id=783, 826.08624pt x 482.80376pt>
File: images/multitask_learning_hard.pdf Graphic file (type pdf)

<use images/multitask_learning_hard.pdf>
Package pdftex.def Info: images/multitask_learning_hard.pdf used on input line 
7.
(pdftex.def)             Requested size: 341.43436pt x 199.54945pt.
 [19

 <./images/multitask_learning_hard.pdf>] <images/multitask_learning_soft.pdf, i
d=811, 865.2325pt x 407.5225pt>
File: images/multitask_learning_soft.pdf Graphic file (type pdf)

<use images/multitask_learning_soft.pdf>
Package pdftex.def Info: images/multitask_learning_soft.pdf used on input line 
21.
(pdftex.def)             Requested size: 341.43436pt x 160.81105pt.
) [20 <./images/multitask_learning_soft.pdf>]
Chapter 7.
(./chapters/c7_experiments_results.tex [21

]
<images/state_of_the_art.pdf, id=839, 981.6675pt x 196.735pt>
File: images/state_of_the_art.pdf Graphic file (type pdf)

<use images/state_of_the_art.pdf>
Package pdftex.def Info: images/state_of_the_art.pdf used on input line 22.
(pdftex.def)             Requested size: 341.43436pt x 68.426pt.
 [22 <./images/state_of_the_art.pdf, page is rotated 270 degrees>]

LaTeX Warning: No positions in optional float specifier.
               Default added (so using `tbp') on input line 61.

<images/VGG13_16_19.pdf, id=871, 621.32124pt x 1136.245pt>
File: images/VGG13_16_19.pdf Graphic file (type pdf)

<use images/VGG13_16_19.pdf>
Package pdftex.def Info: images/VGG13_16_19.pdf used on input line 63.
(pdftex.def)             Requested size: 341.43436pt x 624.39922pt.
 [23] [24 <./images/VGG13_16_19.pdf>]

LaTeX Warning: No positions in optional float specifier.
               Default added (so using `tbp') on input line 133.

<images/resnets.png, id=916, 1053.9375pt x 461.22313pt>
File: images/resnets.png Graphic file (type png)

<use images/resnets.png>
Package pdftex.def Info: images/resnets.png used on input line 135.
(pdftex.def)             Requested size: 341.43436pt x 149.41718pt.
 [25] [26 <./images/resnets.png>]

LaTeX Warning: No positions in optional float specifier.
               Default added (so using `tbp') on input line 166.

<images/gray_rgb.pdf, id=937, 551.05875pt x 276.03125pt>
File: images/gray_rgb.pdf Graphic file (type pdf)

<use images/gray_rgb.pdf>
Package pdftex.def Info: images/gray_rgb.pdf used on input line 168.
(pdftex.def)             Requested size: 341.43436pt x 171.0323pt.

<images/SVM_fc6_fc7.pdf, id=938, 786.94pt x 241.90375pt>
File: images/SVM_fc6_fc7.pdf Graphic file (type pdf)

<use images/SVM_fc6_fc7.pdf>
Package pdftex.def Info: images/SVM_fc6_fc7.pdf used on input line 175.
(pdftex.def)             Requested size: 341.43436pt x 104.95413pt.
 [27 <./images/gray_rgb.pdf> <./images/SVM_fc6_fc7.pdf

pdfTeX warning: pdflatex (file ./images/SVM_fc6_fc7.pdf): PDF inclusion: multip
le pdfs with page group included in a single page
>]

LaTeX Warning: No positions in optional float specifier.
               Default added (so using `tbp') on input line 193.

<images/VGG16_Finetuning.pdf, id=992, 1005.7575pt x 833.1125pt>
File: images/VGG16_Finetuning.pdf Graphic file (type pdf)

<use images/VGG16_Finetuning.pdf>
Package pdftex.def Info: images/VGG16_Finetuning.pdf used on input line 195.
(pdftex.def)             Requested size: 341.43436pt x 282.82228pt.

Underfull \vbox (badness 1122) has occurred while \output is active []

 [28 <./images/VGG16_Finetuning.pdf, page is rotated 270 degrees>]

LaTeX Warning: No positions in optional float specifier.
               Default added (so using `tbp') on input line 207.

<images/multitask_real_1.pdf, id=1049, 708.6475pt x 1247.66125pt>
File: images/multitask_real_1.pdf Graphic file (type pdf)

<use images/multitask_real_1.pdf>
Package pdftex.def Info: images/multitask_real_1.pdf used on input line 209.
(pdftex.def)             Requested size: 341.43436pt x 601.1361pt.


LaTeX Warning: No positions in optional float specifier.
               Default added (so using `tbp') on input line 214.


LaTeX Warning: No positions in optional float specifier.
               Default added (so using `tbp') on input line 234.


LaTeX Warning: No positions in optional float specifier.
               Default added (so using `tbp') on input line 257.

) [29] [30 <./images/multitask_real_1.pdf>] [31] [32

]
Chapter 8.
(./chapters/c8_best_algorithm.tex

LaTeX Warning: No positions in optional float specifier.
               Default added (so using `tbp') on input line 3.

<images/final_model.pdf, id=1088, 873.2625pt x 1123.19624pt>
File: images/final_model.pdf Graphic file (type pdf)

<use images/final_model.pdf>
Package pdftex.def Info: images/final_model.pdf used on input line 5.
(pdftex.def)             Requested size: 426.79134pt x 548.93134pt.
) [33] [34 <./images/final_model.pdf>]
Chapter 9.
(./chapters/conclusion.tex) (./report.bbl [35

] [36

] [37] [38]
Underfull \hbox (badness 1231) in paragraph at lines 212--215
[]\OT1/cmr/m/n/12 B. Ram-sun-dar, S. Kearnes, P. Ri-ley, D. Web-ster, D. Kon-er
d-ing, and
 []

[39])
Package atveryend Info: Empty hook `BeforeClearDocument' on input line 117.
 [40]
Package atveryend Info: Empty hook `AfterLastShipout' on input line 117.
 (./report.aux)
Package atveryend Info: Executing hook `AtVeryEndDocument' on input line 117.
Package atveryend Info: Executing hook `AtEndAfterFileList' on input line 117.
Package rerunfilecheck Info: File `report.out' has not changed.
(rerunfilecheck)             Checksum: 2E9214216CEDEF01E2C37A629F32721C;2263.
Package atveryend Info: Empty hook `AtVeryVeryEnd' on input line 117.
 ) 
Here is how much of TeX's memory you used:
 11127 strings out of 493089
 167739 string characters out of 6134841
 275184 words of memory out of 5000000
 14146 multiletter control sequences out of 15000+600000
 17163 words of font info for 65 fonts, out of 8000000 for 9000
 1141 hyphenation exceptions out of 8191
 61i,15n,94p,2068b,503s stack positions out of 5000i,500n,10000p,200000b,80000s
</usr/local/texlive/2015/texmf-dist/fonts/type1/public/amsfonts/cm/cmbx12.pfb
></usr/local/texlive/2015/texmf-dist/fonts/type1/public/amsfonts/cm/cmbx8.pfb><
/usr/local/texlive/2015/texmf-dist/fonts/type1/public/amsfonts/cm/cmcsc10.pfb><
/usr/local/texlive/2015/texmf-dist/fonts/type1/public/amsfonts/cm/cmex10.pfb></
usr/local/texlive/2015/texmf-dist/fonts/type1/public/amsfonts/cm/cmmi12.pfb></u
sr/local/texlive/2015/texmf-dist/fonts/type1/public/amsfonts/cm/cmmi8.pfb></usr
/local/texlive/2015/texmf-dist/fonts/type1/public/amsfonts/cm/cmr12.pfb></usr/l
ocal/texlive/2015/texmf-dist/fonts/type1/public/amsfonts/cm/cmr17.pfb></usr/loc
al/texlive/2015/texmf-dist/fonts/type1/public/amsfonts/cm/cmr7.pfb></usr/local/
texlive/2015/texmf-dist/fonts/type1/public/amsfonts/cm/cmr8.pfb></usr/local/tex
live/2015/texmf-dist/fonts/type1/public/amsfonts/cm/cmsy10.pfb></usr/local/texl
ive/2015/texmf-dist/fonts/type1/public/amsfonts/cm/cmti12.pfb></usr/local/texli
ve/2015/texmf-dist/fonts/type1/public/amsfonts/cm/cmtt10.pfb>
Output written on report.pdf (52 pages, 2936602 bytes).
PDF statistics:
 1229 PDF objects out of 1440 (max. 8388607)
 991 compressed objects within 10 object streams
 176 named destinations out of 1000 (max. 500000)
 448 words of extra memory for PDF output out of 10000 (max. 10000000)

